<?xml version="1.0" encoding="UTF-8"?>
<testng-results ignored="0" total="1" passed="1" failed="0" skipped="0">
  <reporter-output>
  </reporter-output>
  <suite started-at="2021-03-24T16:24:21 IST" name="Suite" finished-at="2021-03-24T16:24:56 IST" duration-ms="35016">
    <groups>
    </groups>
    <test started-at="2021-03-24T16:24:21 IST" name="Test" finished-at="2021-03-24T16:24:56 IST" duration-ms="35016">
      <class name="com.it.testng.LoginFunctionality">
        <test-method is-config="true" signature="setup()[pri:0, instance:com.it.testng.LoginFunctionality@6c779568]" started-at="2021-03-24T16:24:21 IST" name="setup" finished-at="2021-03-24T16:24:52 IST" duration-ms="30425" status="PASS">
          <reporter-output>
          </reporter-output>
        </test-method> <!-- setup -->
        <test-method signature="login()[pri:0, instance:com.it.testng.LoginFunctionality@6c779568]" started-at="2021-03-24T16:24:52 IST" name="login" finished-at="2021-03-24T16:24:56 IST" duration-ms="4535" status="PASS">
          <reporter-output>
          </reporter-output>
        </test-method> <!-- login -->
      </class> <!-- com.it.testng.LoginFunctionality -->
    </test> <!-- Test -->
  </suite> <!-- Suite -->
</testng-results>
